
*** Running vivado
    with args -log design_1_sha256_0_0.vds -m64 -product Vivado -mode batch -messageDb vivado.pb -notrace -source design_1_sha256_0_0.tcl


****** Vivado v2017.4 (64-bit)
  **** SW Build 2086221 on Fri Dec 15 20:54:30 MST 2017
  **** IP Build 2085800 on Fri Dec 15 22:25:07 MST 2017
    ** Copyright 1986-2017 Xilinx, Inc. All Rights Reserved.

source design_1_sha256_0_0.tcl -notrace
Command: synth_design -top design_1_sha256_0_0 -part xc7a100tcsg324-1 -mode out_of_context
Starting synth_design
Attempting to get a license for feature 'Synthesis' and/or device 'xc7a100t'
INFO: [Common 17-349] Got license for feature 'Synthesis' and/or device 'xc7a100t'
INFO: Launching helper process for spawning children vivado processes
INFO: Helper process launched with PID 12122 
---------------------------------------------------------------------------------
Starting RTL Elaboration : Time (s): cpu = 00:00:08 ; elapsed = 00:00:09 . Memory (MB): peak = 1261.234 ; gain = 79.996 ; free physical = 164 ; free virtual = 20238
---------------------------------------------------------------------------------
INFO: [Synth 8-638] synthesizing module 'design_1_sha256_0_0' [/home/brancs/MEOCloud/CR/proj/sha256/sha256.srcs/sources_1/bd/design_1/ip/design_1_sha256_0_0/synth/design_1_sha256_0_0.vhd:84]
	Parameter C_S00_AXI_DATA_WIDTH bound to: 32 - type: integer 
	Parameter C_S00_AXI_ADDR_WIDTH bound to: 7 - type: integer 
INFO: [Synth 8-3491] module 'sha256_v1_0' declared at '/home/brancs/MEOCloud/CR/proj/sha256/sha256.srcs/sources_1/bd/design_1/ipshared/8973/hdl/sha256_v1_0.vhd:5' bound to instance 'U0' of component 'sha256_v1_0' [/home/brancs/MEOCloud/CR/proj/sha256/sha256.srcs/sources_1/bd/design_1/ip/design_1_sha256_0_0/synth/design_1_sha256_0_0.vhd:151]
INFO: [Synth 8-638] synthesizing module 'sha256_v1_0' [/home/brancs/MEOCloud/CR/proj/sha256/sha256.srcs/sources_1/bd/design_1/ipshared/8973/hdl/sha256_v1_0.vhd:50]
	Parameter C_S00_AXI_DATA_WIDTH bound to: 32 - type: integer 
	Parameter C_S00_AXI_ADDR_WIDTH bound to: 7 - type: integer 
	Parameter C_S_AXI_DATA_WIDTH bound to: 32 - type: integer 
	Parameter C_S_AXI_ADDR_WIDTH bound to: 7 - type: integer 
INFO: [Synth 8-3491] module 'sha256_v1_0_S00_AXI' declared at '/home/brancs/MEOCloud/CR/proj/sha256/sha256.srcs/sources_1/bd/design_1/ipshared/8973/hdl/sha256_v1_0_S00_AXI.vhd:5' bound to instance 'sha256_v1_0_S00_AXI_inst' of component 'sha256_v1_0_S00_AXI' [/home/brancs/MEOCloud/CR/proj/sha256/sha256.srcs/sources_1/bd/design_1/ipshared/8973/hdl/sha256_v1_0.vhd:88]
INFO: [Synth 8-638] synthesizing module 'sha256_v1_0_S00_AXI' [/home/brancs/MEOCloud/CR/proj/sha256/sha256.srcs/sources_1/bd/design_1/ipshared/8973/hdl/sha256_v1_0_S00_AXI.vhd:87]
	Parameter N_SHA_COMPONENTS bound to: 2 - type: integer 
	Parameter C_S_AXI_DATA_WIDTH bound to: 32 - type: integer 
	Parameter C_S_AXI_ADDR_WIDTH bound to: 7 - type: integer 
WARNING: [Synth 8-614] signal 's_out_0' is read in the process but is not in the sensitivity list [/home/brancs/MEOCloud/CR/proj/sha256/sha256.srcs/sources_1/bd/design_1/ipshared/8973/hdl/sha256_v1_0_S00_AXI.vhd:611]
WARNING: [Synth 8-614] signal 's_out_1' is read in the process but is not in the sensitivity list [/home/brancs/MEOCloud/CR/proj/sha256/sha256.srcs/sources_1/bd/design_1/ipshared/8973/hdl/sha256_v1_0_S00_AXI.vhd:611]
WARNING: [Synth 8-614] signal 's_out_2' is read in the process but is not in the sensitivity list [/home/brancs/MEOCloud/CR/proj/sha256/sha256.srcs/sources_1/bd/design_1/ipshared/8973/hdl/sha256_v1_0_S00_AXI.vhd:611]
WARNING: [Synth 8-614] signal 's_out_3' is read in the process but is not in the sensitivity list [/home/brancs/MEOCloud/CR/proj/sha256/sha256.srcs/sources_1/bd/design_1/ipshared/8973/hdl/sha256_v1_0_S00_AXI.vhd:611]
WARNING: [Synth 8-614] signal 's_out_4' is read in the process but is not in the sensitivity list [/home/brancs/MEOCloud/CR/proj/sha256/sha256.srcs/sources_1/bd/design_1/ipshared/8973/hdl/sha256_v1_0_S00_AXI.vhd:611]
WARNING: [Synth 8-614] signal 's_out_5' is read in the process but is not in the sensitivity list [/home/brancs/MEOCloud/CR/proj/sha256/sha256.srcs/sources_1/bd/design_1/ipshared/8973/hdl/sha256_v1_0_S00_AXI.vhd:611]
WARNING: [Synth 8-614] signal 's_out_6' is read in the process but is not in the sensitivity list [/home/brancs/MEOCloud/CR/proj/sha256/sha256.srcs/sources_1/bd/design_1/ipshared/8973/hdl/sha256_v1_0_S00_AXI.vhd:611]
WARNING: [Synth 8-614] signal 's_out_7' is read in the process but is not in the sensitivity list [/home/brancs/MEOCloud/CR/proj/sha256/sha256.srcs/sources_1/bd/design_1/ipshared/8973/hdl/sha256_v1_0_S00_AXI.vhd:611]
INFO: [Synth 8-638] synthesizing module 'sha_hw' [/home/brancs/MEOCloud/CR/proj/sha256/sha256.srcs/sources_1/bd/design_1/ipshared/8973/src/sha_hw.vhd:20]
INFO: [Synth 8-256] done synthesizing module 'sha_hw' (1#1) [/home/brancs/MEOCloud/CR/proj/sha256/sha256.srcs/sources_1/bd/design_1/ipshared/8973/src/sha_hw.vhd:20]
WARNING: [Synth 8-614] signal 'S_done_interrupt' is read in the process but is not in the sensitivity list [/home/brancs/MEOCloud/CR/proj/sha256/sha256.srcs/sources_1/bd/design_1/ipshared/8973/hdl/sha256_v1_0_S00_AXI.vhd:741]
WARNING: [Synth 8-6014] Unused sequential element slv_reg19_reg was removed.  [/home/brancs/MEOCloud/CR/proj/sha256/sha256.srcs/sources_1/bd/design_1/ipshared/8973/hdl/sha256_v1_0_S00_AXI.vhd:268]
WARNING: [Synth 8-6014] Unused sequential element slv_reg20_reg was removed.  [/home/brancs/MEOCloud/CR/proj/sha256/sha256.srcs/sources_1/bd/design_1/ipshared/8973/hdl/sha256_v1_0_S00_AXI.vhd:269]
WARNING: [Synth 8-6014] Unused sequential element slv_reg21_reg was removed.  [/home/brancs/MEOCloud/CR/proj/sha256/sha256.srcs/sources_1/bd/design_1/ipshared/8973/hdl/sha256_v1_0_S00_AXI.vhd:270]
WARNING: [Synth 8-6014] Unused sequential element slv_reg22_reg was removed.  [/home/brancs/MEOCloud/CR/proj/sha256/sha256.srcs/sources_1/bd/design_1/ipshared/8973/hdl/sha256_v1_0_S00_AXI.vhd:271]
WARNING: [Synth 8-6014] Unused sequential element slv_reg23_reg was removed.  [/home/brancs/MEOCloud/CR/proj/sha256/sha256.srcs/sources_1/bd/design_1/ipshared/8973/hdl/sha256_v1_0_S00_AXI.vhd:272]
WARNING: [Synth 8-6014] Unused sequential element slv_reg24_reg was removed.  [/home/brancs/MEOCloud/CR/proj/sha256/sha256.srcs/sources_1/bd/design_1/ipshared/8973/hdl/sha256_v1_0_S00_AXI.vhd:273]
WARNING: [Synth 8-6014] Unused sequential element slv_reg25_reg was removed.  [/home/brancs/MEOCloud/CR/proj/sha256/sha256.srcs/sources_1/bd/design_1/ipshared/8973/hdl/sha256_v1_0_S00_AXI.vhd:274]
WARNING: [Synth 8-6014] Unused sequential element slv_reg26_reg was removed.  [/home/brancs/MEOCloud/CR/proj/sha256/sha256.srcs/sources_1/bd/design_1/ipshared/8973/hdl/sha256_v1_0_S00_AXI.vhd:275]
WARNING: [Synth 8-6014] Unused sequential element loc_addr_reg was removed.  [/home/brancs/MEOCloud/CR/proj/sha256/sha256.srcs/sources_1/bd/design_1/ipshared/8973/hdl/sha256_v1_0_S00_AXI.vhd:277]
WARNING: [Synth 8-3848] Net s_out_0 in module/entity sha256_v1_0_S00_AXI does not have driver. [/home/brancs/MEOCloud/CR/proj/sha256/sha256.srcs/sources_1/bd/design_1/ipshared/8973/hdl/sha256_v1_0_S00_AXI.vhd:151]
WARNING: [Synth 8-3848] Net s_out_1 in module/entity sha256_v1_0_S00_AXI does not have driver. [/home/brancs/MEOCloud/CR/proj/sha256/sha256.srcs/sources_1/bd/design_1/ipshared/8973/hdl/sha256_v1_0_S00_AXI.vhd:151]
WARNING: [Synth 8-3848] Net s_out_2 in module/entity sha256_v1_0_S00_AXI does not have driver. [/home/brancs/MEOCloud/CR/proj/sha256/sha256.srcs/sources_1/bd/design_1/ipshared/8973/hdl/sha256_v1_0_S00_AXI.vhd:151]
WARNING: [Synth 8-3848] Net s_out_3 in module/entity sha256_v1_0_S00_AXI does not have driver. [/home/brancs/MEOCloud/CR/proj/sha256/sha256.srcs/sources_1/bd/design_1/ipshared/8973/hdl/sha256_v1_0_S00_AXI.vhd:151]
WARNING: [Synth 8-3848] Net s_out_4 in module/entity sha256_v1_0_S00_AXI does not have driver. [/home/brancs/MEOCloud/CR/proj/sha256/sha256.srcs/sources_1/bd/design_1/ipshared/8973/hdl/sha256_v1_0_S00_AXI.vhd:151]
WARNING: [Synth 8-3848] Net s_out_5 in module/entity sha256_v1_0_S00_AXI does not have driver. [/home/brancs/MEOCloud/CR/proj/sha256/sha256.srcs/sources_1/bd/design_1/ipshared/8973/hdl/sha256_v1_0_S00_AXI.vhd:151]
WARNING: [Synth 8-3848] Net s_out_6 in module/entity sha256_v1_0_S00_AXI does not have driver. [/home/brancs/MEOCloud/CR/proj/sha256/sha256.srcs/sources_1/bd/design_1/ipshared/8973/hdl/sha256_v1_0_S00_AXI.vhd:151]
WARNING: [Synth 8-3848] Net s_out_7 in module/entity sha256_v1_0_S00_AXI does not have driver. [/home/brancs/MEOCloud/CR/proj/sha256/sha256.srcs/sources_1/bd/design_1/ipshared/8973/hdl/sha256_v1_0_S00_AXI.vhd:151]
INFO: [Synth 8-256] done synthesizing module 'sha256_v1_0_S00_AXI' (2#1) [/home/brancs/MEOCloud/CR/proj/sha256/sha256.srcs/sources_1/bd/design_1/ipshared/8973/hdl/sha256_v1_0_S00_AXI.vhd:87]
INFO: [Synth 8-256] done synthesizing module 'sha256_v1_0' (3#1) [/home/brancs/MEOCloud/CR/proj/sha256/sha256.srcs/sources_1/bd/design_1/ipshared/8973/hdl/sha256_v1_0.vhd:50]
INFO: [Synth 8-256] done synthesizing module 'design_1_sha256_0_0' (4#1) [/home/brancs/MEOCloud/CR/proj/sha256/sha256.srcs/sources_1/bd/design_1/ip/design_1_sha256_0_0/synth/design_1_sha256_0_0.vhd:84]
WARNING: [Synth 8-3331] design sha256_v1_0_S00_AXI has unconnected port S_AXI_AWPROT[2]
WARNING: [Synth 8-3331] design sha256_v1_0_S00_AXI has unconnected port S_AXI_AWPROT[1]
WARNING: [Synth 8-3331] design sha256_v1_0_S00_AXI has unconnected port S_AXI_AWPROT[0]
WARNING: [Synth 8-3331] design sha256_v1_0_S00_AXI has unconnected port S_AXI_ARPROT[2]
WARNING: [Synth 8-3331] design sha256_v1_0_S00_AXI has unconnected port S_AXI_ARPROT[1]
WARNING: [Synth 8-3331] design sha256_v1_0_S00_AXI has unconnected port S_AXI_ARPROT[0]
---------------------------------------------------------------------------------
Finished RTL Elaboration : Time (s): cpu = 00:00:09 ; elapsed = 00:00:10 . Memory (MB): peak = 1316.766 ; gain = 135.527 ; free physical = 200 ; free virtual = 20224
---------------------------------------------------------------------------------

Report Check Netlist: 
+------+------------------+-------+---------+-------+------------------+
|      |Item              |Errors |Warnings |Status |Description       |
+------+------------------+-------+---------+-------+------------------+
|1     |multi_driven_nets |      0|        0|Passed |Multi driven nets |
+------+------------------+-------+---------+-------+------------------+
---------------------------------------------------------------------------------
Finished RTL Optimization Phase 1 : Time (s): cpu = 00:00:10 ; elapsed = 00:00:10 . Memory (MB): peak = 1316.766 ; gain = 135.527 ; free physical = 203 ; free virtual = 20229
---------------------------------------------------------------------------------
INFO: [Device 21-403] Loading part xc7a100tcsg324-1
INFO: [Project 1-570] Preparing netlist for logic optimization

Processing XDC Constraints
Initializing timing engine
Completed Processing XDC Constraints

INFO: [Project 1-111] Unisim Transformation Summary:
No Unisim elements were transformed.

Constraint Validation Runtime : Time (s): cpu = 00:00:00.38 ; elapsed = 00:00:00.07 . Memory (MB): peak = 1709.785 ; gain = 7.000 ; free physical = 151 ; free virtual = 19963
---------------------------------------------------------------------------------
Finished Constraint Validation : Time (s): cpu = 00:00:28 ; elapsed = 00:00:40 . Memory (MB): peak = 1709.785 ; gain = 528.547 ; free physical = 253 ; free virtual = 20063
---------------------------------------------------------------------------------
---------------------------------------------------------------------------------
Start Loading Part and Timing Information
---------------------------------------------------------------------------------
Loading part: xc7a100tcsg324-1
---------------------------------------------------------------------------------
Finished Loading Part and Timing Information : Time (s): cpu = 00:00:28 ; elapsed = 00:00:40 . Memory (MB): peak = 1709.785 ; gain = 528.547 ; free physical = 253 ; free virtual = 20063
---------------------------------------------------------------------------------
---------------------------------------------------------------------------------
Start Applying 'set_property' XDC Constraints
---------------------------------------------------------------------------------
---------------------------------------------------------------------------------
Finished applying 'set_property' XDC Constraints : Time (s): cpu = 00:00:28 ; elapsed = 00:00:40 . Memory (MB): peak = 1709.785 ; gain = 528.547 ; free physical = 255 ; free virtual = 20065
---------------------------------------------------------------------------------
INFO: [Synth 8-802] inferred FSM for state register 's_state_reg' in module 'sha_hw'
INFO: [Synth 8-5546] ROM "s_state" won't be mapped to RAM because it is too sparse
INFO: [Synth 8-5546] ROM "w_reg[16]" won't be mapped to RAM because it is too sparse
INFO: [Synth 8-5546] ROM "w_reg[17]" won't be mapped to RAM because it is too sparse
INFO: [Synth 8-5546] ROM "w_reg[18]" won't be mapped to RAM because it is too sparse
INFO: [Synth 8-5546] ROM "w_reg[19]" won't be mapped to RAM because it is too sparse
INFO: [Synth 8-5546] ROM "w_reg[20]" won't be mapped to RAM because it is too sparse
INFO: [Synth 8-5546] ROM "w_reg[21]" won't be mapped to RAM because it is too sparse
INFO: [Synth 8-5546] ROM "w_reg[22]" won't be mapped to RAM because it is too sparse
INFO: [Synth 8-5546] ROM "w_reg[23]" won't be mapped to RAM because it is too sparse
INFO: [Synth 8-5546] ROM "w_reg[24]" won't be mapped to RAM because it is too sparse
INFO: [Synth 8-5546] ROM "w_reg[25]" won't be mapped to RAM because it is too sparse
INFO: [Synth 8-5546] ROM "w_reg[26]" won't be mapped to RAM because it is too sparse
INFO: [Synth 8-5546] ROM "w_reg[27]" won't be mapped to RAM because it is too sparse
INFO: [Synth 8-5546] ROM "w_reg[28]" won't be mapped to RAM because it is too sparse
INFO: [Synth 8-5546] ROM "w_reg[29]" won't be mapped to RAM because it is too sparse
INFO: [Synth 8-5546] ROM "w_reg[30]" won't be mapped to RAM because it is too sparse
INFO: [Synth 8-5546] ROM "w_reg[31]" won't be mapped to RAM because it is too sparse
INFO: [Synth 8-5546] ROM "w_reg[32]" won't be mapped to RAM because it is too sparse
INFO: [Synth 8-5546] ROM "w_reg[33]" won't be mapped to RAM because it is too sparse
INFO: [Synth 8-5546] ROM "w_reg[34]" won't be mapped to RAM because it is too sparse
INFO: [Synth 8-5546] ROM "w_reg[35]" won't be mapped to RAM because it is too sparse
INFO: [Synth 8-5546] ROM "w_reg[36]" won't be mapped to RAM because it is too sparse
INFO: [Synth 8-5546] ROM "w_reg[37]" won't be mapped to RAM because it is too sparse
INFO: [Synth 8-5546] ROM "w_reg[38]" won't be mapped to RAM because it is too sparse
INFO: [Synth 8-5546] ROM "w_reg[39]" won't be mapped to RAM because it is too sparse
INFO: [Synth 8-5546] ROM "w_reg[40]" won't be mapped to RAM because it is too sparse
INFO: [Synth 8-5546] ROM "w_reg[41]" won't be mapped to RAM because it is too sparse
INFO: [Synth 8-5546] ROM "w_reg[42]" won't be mapped to RAM because it is too sparse
INFO: [Synth 8-5546] ROM "w_reg[43]" won't be mapped to RAM because it is too sparse
INFO: [Synth 8-5546] ROM "w_reg[44]" won't be mapped to RAM because it is too sparse
INFO: [Synth 8-5546] ROM "w_reg[45]" won't be mapped to RAM because it is too sparse
INFO: [Synth 8-5546] ROM "w_reg[46]" won't be mapped to RAM because it is too sparse
INFO: [Synth 8-5546] ROM "w_reg[47]" won't be mapped to RAM because it is too sparse
INFO: [Synth 8-5546] ROM "w_reg[48]" won't be mapped to RAM because it is too sparse
INFO: [Synth 8-5546] ROM "w_reg[49]" won't be mapped to RAM because it is too sparse
INFO: [Synth 8-5546] ROM "w_reg[50]" won't be mapped to RAM because it is too sparse
INFO: [Synth 8-5546] ROM "w_reg[51]" won't be mapped to RAM because it is too sparse
INFO: [Synth 8-5546] ROM "w_reg[52]" won't be mapped to RAM because it is too sparse
INFO: [Synth 8-5546] ROM "w_reg[53]" won't be mapped to RAM because it is too sparse
INFO: [Synth 8-5546] ROM "w_reg[54]" won't be mapped to RAM because it is too sparse
INFO: [Synth 8-5546] ROM "w_reg[55]" won't be mapped to RAM because it is too sparse
INFO: [Synth 8-5546] ROM "w_reg[56]" won't be mapped to RAM because it is too sparse
INFO: [Synth 8-5546] ROM "w_reg[57]" won't be mapped to RAM because it is too sparse
INFO: [Synth 8-5546] ROM "w_reg[58]" won't be mapped to RAM because it is too sparse
INFO: [Synth 8-5546] ROM "w_reg[59]" won't be mapped to RAM because it is too sparse
INFO: [Synth 8-5546] ROM "w_reg[60]" won't be mapped to RAM because it is too sparse
INFO: [Synth 8-5546] ROM "w_reg[61]" won't be mapped to RAM because it is too sparse
INFO: [Synth 8-5546] ROM "w_reg[62]" won't be mapped to RAM because it is too sparse
INFO: [Synth 8-5546] ROM "w_reg[63]" won't be mapped to RAM because it is too sparse
INFO: [Synth 8-5544] ROM "done" won't be mapped to Block RAM because address size (3) smaller than threshold (5)
INFO: [Synth 8-5544] ROM "i" won't be mapped to Block RAM because address size (3) smaller than threshold (5)
INFO: [Synth 8-5544] ROM "s_state" won't be mapped to Block RAM because address size (3) smaller than threshold (5)
INFO: [Synth 8-5544] ROM "s_state" won't be mapped to Block RAM because address size (2) smaller than threshold (5)
WARNING: [Synth 8-6014] Unused sequential element i_reg was removed.  [/home/brancs/MEOCloud/CR/proj/sha256/sha256.srcs/sources_1/bd/design_1/ipshared/8973/src/sha_hw.vhd:88]
WARNING: [Synth 8-6014] Unused sequential element h_0_reg was removed.  [/home/brancs/MEOCloud/CR/proj/sha256/sha256.srcs/sources_1/bd/design_1/ipshared/8973/src/sha_hw.vhd:117]
WARNING: [Synth 8-6014] Unused sequential element h_1_reg was removed.  [/home/brancs/MEOCloud/CR/proj/sha256/sha256.srcs/sources_1/bd/design_1/ipshared/8973/src/sha_hw.vhd:118]
WARNING: [Synth 8-6014] Unused sequential element h_2_reg was removed.  [/home/brancs/MEOCloud/CR/proj/sha256/sha256.srcs/sources_1/bd/design_1/ipshared/8973/src/sha_hw.vhd:119]
WARNING: [Synth 8-6014] Unused sequential element h_3_reg was removed.  [/home/brancs/MEOCloud/CR/proj/sha256/sha256.srcs/sources_1/bd/design_1/ipshared/8973/src/sha_hw.vhd:120]
WARNING: [Synth 8-6014] Unused sequential element h_4_reg was removed.  [/home/brancs/MEOCloud/CR/proj/sha256/sha256.srcs/sources_1/bd/design_1/ipshared/8973/src/sha_hw.vhd:121]
WARNING: [Synth 8-6014] Unused sequential element h_5_reg was removed.  [/home/brancs/MEOCloud/CR/proj/sha256/sha256.srcs/sources_1/bd/design_1/ipshared/8973/src/sha_hw.vhd:122]
WARNING: [Synth 8-6014] Unused sequential element h_6_reg was removed.  [/home/brancs/MEOCloud/CR/proj/sha256/sha256.srcs/sources_1/bd/design_1/ipshared/8973/src/sha_hw.vhd:123]
WARNING: [Synth 8-6014] Unused sequential element h_7_reg was removed.  [/home/brancs/MEOCloud/CR/proj/sha256/sha256.srcs/sources_1/bd/design_1/ipshared/8973/src/sha_hw.vhd:124]
INFO: [Synth 8-5544] ROM "interrupt" won't be mapped to Block RAM because address size (2) smaller than threshold (5)
---------------------------------------------------------------------------------------------------
                   State |                     New Encoding |                Previous Encoding 
---------------------------------------------------------------------------------------------------
                  iSTATE |                              000 |                              000
                 iSTATE0 |                              001 |                              001
                 iSTATE2 |                              010 |                              011
                 iSTATE1 |                              011 |                              010
                 iSTATE3 |                              100 |                              100
*
---------------------------------------------------------------------------------------------------
INFO: [Synth 8-3354] encoded FSM with state register 's_state_reg' using encoding 'sequential' in module 'sha_hw'
---------------------------------------------------------------------------------
Finished RTL Optimization Phase 2 : Time (s): cpu = 00:00:30 ; elapsed = 00:00:41 . Memory (MB): peak = 1709.785 ; gain = 528.547 ; free physical = 223 ; free virtual = 20033
---------------------------------------------------------------------------------
INFO: [Synth 8-223] decloning instance 'U0/sha256_v1_0_S00_AXI_inst/gen[0].sha' (sha_hw) to 'U0/sha256_v1_0_S00_AXI_inst/gen[1].sha'

Report RTL Partitions: 
+-+--------------+------------+----------+
| |RTL Partition |Replication |Instances |
+-+--------------+------------+----------+
+-+--------------+------------+----------+
---------------------------------------------------------------------------------
Start RTL Component Statistics 
---------------------------------------------------------------------------------
Detailed RTL Component Info : 
+---Adders : 
	   4 Input     32 Bit       Adders := 1     
	   5 Input     32 Bit       Adders := 1     
	   2 Input     32 Bit       Adders := 1     
	   3 Input     32 Bit       Adders := 1     
	   2 Input      6 Bit       Adders := 1     
	   2 Input      2 Bit       Adders := 1     
+---XORs : 
	   3 Input     32 Bit         XORs := 5     
	   2 Input     32 Bit         XORs := 1     
+---Registers : 
	              512 Bit    Registers := 2     
	              256 Bit    Registers := 1     
	               32 Bit    Registers := 92    
	                7 Bit    Registers := 2     
	                6 Bit    Registers := 1     
	                2 Bit    Registers := 3     
	                1 Bit    Registers := 7     
+---Muxes : 
	   2 Input    512 Bit        Muxes := 1     
	   2 Input    480 Bit        Muxes := 1     
	   2 Input    448 Bit        Muxes := 1     
	   2 Input    416 Bit        Muxes := 1     
	   2 Input    384 Bit        Muxes := 1     
	   2 Input    352 Bit        Muxes := 1     
	   2 Input    320 Bit        Muxes := 1     
	   2 Input    288 Bit        Muxes := 1     
	   2 Input    256 Bit        Muxes := 1     
	   2 Input    224 Bit        Muxes := 1     
	   2 Input    192 Bit        Muxes := 1     
	   2 Input    160 Bit        Muxes := 1     
	   2 Input    128 Bit        Muxes := 1     
	   2 Input     96 Bit        Muxes := 1     
	   2 Input     64 Bit        Muxes := 1     
	   2 Input     32 Bit        Muxes := 28    
	  28 Input     32 Bit        Muxes := 19    
	   5 Input      3 Bit        Muxes := 2     
	   6 Input      3 Bit        Muxes := 1     
	   2 Input      1 Bit        Muxes := 64    
	   5 Input      1 Bit        Muxes := 50    
	   6 Input      1 Bit        Muxes := 1     
	   4 Input      1 Bit        Muxes := 1     
	   3 Input      1 Bit        Muxes := 4     
---------------------------------------------------------------------------------
Finished RTL Component Statistics 
---------------------------------------------------------------------------------
---------------------------------------------------------------------------------
Start RTL Hierarchical Component Statistics 
---------------------------------------------------------------------------------
Hierarchical RTL Component report 
Module sha_hw 
Detailed RTL Component Info : 
+---Adders : 
	   4 Input     32 Bit       Adders := 1     
	   5 Input     32 Bit       Adders := 1     
	   2 Input     32 Bit       Adders := 1     
	   3 Input     32 Bit       Adders := 1     
	   2 Input      6 Bit       Adders := 1     
	   2 Input      2 Bit       Adders := 1     
+---XORs : 
	   3 Input     32 Bit         XORs := 5     
	   2 Input     32 Bit         XORs := 1     
+---Registers : 
	              512 Bit    Registers := 2     
	              256 Bit    Registers := 1     
	               32 Bit    Registers := 72    
	                6 Bit    Registers := 1     
	                2 Bit    Registers := 1     
	                1 Bit    Registers := 1     
+---Muxes : 
	   2 Input    512 Bit        Muxes := 1     
	   2 Input    480 Bit        Muxes := 1     
	   2 Input    448 Bit        Muxes := 1     
	   2 Input    416 Bit        Muxes := 1     
	   2 Input    384 Bit        Muxes := 1     
	   2 Input    352 Bit        Muxes := 1     
	   2 Input    320 Bit        Muxes := 1     
	   2 Input    288 Bit        Muxes := 1     
	   2 Input    256 Bit        Muxes := 1     
	   2 Input    224 Bit        Muxes := 1     
	   2 Input    192 Bit        Muxes := 1     
	   2 Input    160 Bit        Muxes := 1     
	   2 Input    128 Bit        Muxes := 1     
	   2 Input     96 Bit        Muxes := 1     
	   2 Input     64 Bit        Muxes := 1     
	   2 Input     32 Bit        Muxes := 9     
	   5 Input      3 Bit        Muxes := 2     
	   6 Input      3 Bit        Muxes := 1     
	   2 Input      1 Bit        Muxes := 58    
	   5 Input      1 Bit        Muxes := 50    
	   6 Input      1 Bit        Muxes := 1     
	   4 Input      1 Bit        Muxes := 1     
	   3 Input      1 Bit        Muxes := 4     
Module sha256_v1_0_S00_AXI 
Detailed RTL Component Info : 
+---Registers : 
	               32 Bit    Registers := 20    
	                7 Bit    Registers := 2     
	                2 Bit    Registers := 2     
	                1 Bit    Registers := 6     
+---Muxes : 
	   2 Input     32 Bit        Muxes := 19    
	  28 Input     32 Bit        Muxes := 19    
	   2 Input      1 Bit        Muxes := 6     
---------------------------------------------------------------------------------
Finished RTL Hierarchical Component Statistics
---------------------------------------------------------------------------------
---------------------------------------------------------------------------------
Start Part Resource Summary
---------------------------------------------------------------------------------
Part Resources:
DSPs: 240 (col length:80)
BRAMs: 270 (col length: RAMB18 80 RAMB36 40)
---------------------------------------------------------------------------------
Finished Part Resource Summary
---------------------------------------------------------------------------------
---------------------------------------------------------------------------------
Start Cross Boundary and Area Optimization
---------------------------------------------------------------------------------
INFO: [Synth 8-5546] ROM "w_reg[16]" won't be mapped to RAM because it is too sparse
INFO: [Synth 8-5546] ROM "w_reg[17]" won't be mapped to RAM because it is too sparse
INFO: [Synth 8-5546] ROM "w_reg[18]" won't be mapped to RAM because it is too sparse
INFO: [Synth 8-5546] ROM "w_reg[19]" won't be mapped to RAM because it is too sparse
INFO: [Synth 8-5546] ROM "w_reg[20]" won't be mapped to RAM because it is too sparse
INFO: [Synth 8-5546] ROM "w_reg[21]" won't be mapped to RAM because it is too sparse
INFO: [Synth 8-5546] ROM "w_reg[22]" won't be mapped to RAM because it is too sparse
INFO: [Synth 8-5546] ROM "w_reg[23]" won't be mapped to RAM because it is too sparse
INFO: [Synth 8-5546] ROM "w_reg[24]" won't be mapped to RAM because it is too sparse
INFO: [Synth 8-5546] ROM "w_reg[25]" won't be mapped to RAM because it is too sparse
INFO: [Synth 8-5546] ROM "w_reg[26]" won't be mapped to RAM because it is too sparse
INFO: [Synth 8-5546] ROM "w_reg[27]" won't be mapped to RAM because it is too sparse
INFO: [Synth 8-5546] ROM "w_reg[28]" won't be mapped to RAM because it is too sparse
INFO: [Synth 8-5546] ROM "w_reg[29]" won't be mapped to RAM because it is too sparse
INFO: [Synth 8-5546] ROM "w_reg[30]" won't be mapped to RAM because it is too sparse
INFO: [Synth 8-5546] ROM "w_reg[31]" won't be mapped to RAM because it is too sparse
INFO: [Synth 8-5546] ROM "w_reg[32]" won't be mapped to RAM because it is too sparse
INFO: [Synth 8-5546] ROM "w_reg[33]" won't be mapped to RAM because it is too sparse
INFO: [Synth 8-5546] ROM "w_reg[34]" won't be mapped to RAM because it is too sparse
INFO: [Synth 8-5546] ROM "w_reg[35]" won't be mapped to RAM because it is too sparse
INFO: [Synth 8-5546] ROM "w_reg[36]" won't be mapped to RAM because it is too sparse
INFO: [Synth 8-5546] ROM "w_reg[37]" won't be mapped to RAM because it is too sparse
INFO: [Synth 8-5546] ROM "w_reg[38]" won't be mapped to RAM because it is too sparse
INFO: [Synth 8-5546] ROM "w_reg[39]" won't be mapped to RAM because it is too sparse
INFO: [Synth 8-5546] ROM "w_reg[40]" won't be mapped to RAM because it is too sparse
INFO: [Synth 8-5546] ROM "w_reg[41]" won't be mapped to RAM because it is too sparse
INFO: [Synth 8-5546] ROM "w_reg[42]" won't be mapped to RAM because it is too sparse
INFO: [Synth 8-5546] ROM "w_reg[43]" won't be mapped to RAM because it is too sparse
INFO: [Synth 8-5546] ROM "w_reg[44]" won't be mapped to RAM because it is too sparse
INFO: [Synth 8-5546] ROM "w_reg[45]" won't be mapped to RAM because it is too sparse
INFO: [Synth 8-5546] ROM "w_reg[46]" won't be mapped to RAM because it is too sparse
INFO: [Synth 8-5546] ROM "w_reg[47]" won't be mapped to RAM because it is too sparse
INFO: [Synth 8-5546] ROM "w_reg[48]" won't be mapped to RAM because it is too sparse
INFO: [Synth 8-5546] ROM "w_reg[49]" won't be mapped to RAM because it is too sparse
INFO: [Synth 8-5546] ROM "w_reg[50]" won't be mapped to RAM because it is too sparse
INFO: [Synth 8-5546] ROM "w_reg[51]" won't be mapped to RAM because it is too sparse
INFO: [Synth 8-5546] ROM "w_reg[52]" won't be mapped to RAM because it is too sparse
INFO: [Synth 8-5546] ROM "w_reg[53]" won't be mapped to RAM because it is too sparse
INFO: [Synth 8-5546] ROM "w_reg[54]" won't be mapped to RAM because it is too sparse
INFO: [Synth 8-5546] ROM "w_reg[55]" won't be mapped to RAM because it is too sparse
INFO: [Synth 8-5546] ROM "w_reg[56]" won't be mapped to RAM because it is too sparse
INFO: [Synth 8-5546] ROM "w_reg[57]" won't be mapped to RAM because it is too sparse
INFO: [Synth 8-5546] ROM "w_reg[58]" won't be mapped to RAM because it is too sparse
INFO: [Synth 8-5546] ROM "w_reg[59]" won't be mapped to RAM because it is too sparse
INFO: [Synth 8-5546] ROM "w_reg[60]" won't be mapped to RAM because it is too sparse
INFO: [Synth 8-5546] ROM "w_reg[61]" won't be mapped to RAM because it is too sparse
INFO: [Synth 8-5546] ROM "w_reg[62]" won't be mapped to RAM because it is too sparse
INFO: [Synth 8-5546] ROM "w_reg[63]" won't be mapped to RAM because it is too sparse
WARNING: [Synth 8-6014] Unused sequential element i_reg was removed.  [/home/brancs/MEOCloud/CR/proj/sha256/sha256.srcs/sources_1/bd/design_1/ipshared/8973/src/sha_hw.vhd:88]
WARNING: [Synth 8-6014] Unused sequential element h_7_reg was removed.  [/home/brancs/MEOCloud/CR/proj/sha256/sha256.srcs/sources_1/bd/design_1/ipshared/8973/src/sha_hw.vhd:124]
WARNING: [Synth 8-6014] Unused sequential element h_6_reg was removed.  [/home/brancs/MEOCloud/CR/proj/sha256/sha256.srcs/sources_1/bd/design_1/ipshared/8973/src/sha_hw.vhd:123]
WARNING: [Synth 8-6014] Unused sequential element h_5_reg was removed.  [/home/brancs/MEOCloud/CR/proj/sha256/sha256.srcs/sources_1/bd/design_1/ipshared/8973/src/sha_hw.vhd:122]
WARNING: [Synth 8-6014] Unused sequential element h_4_reg was removed.  [/home/brancs/MEOCloud/CR/proj/sha256/sha256.srcs/sources_1/bd/design_1/ipshared/8973/src/sha_hw.vhd:121]
WARNING: [Synth 8-6014] Unused sequential element h_3_reg was removed.  [/home/brancs/MEOCloud/CR/proj/sha256/sha256.srcs/sources_1/bd/design_1/ipshared/8973/src/sha_hw.vhd:120]
WARNING: [Synth 8-6014] Unused sequential element h_2_reg was removed.  [/home/brancs/MEOCloud/CR/proj/sha256/sha256.srcs/sources_1/bd/design_1/ipshared/8973/src/sha_hw.vhd:119]
WARNING: [Synth 8-6014] Unused sequential element h_1_reg was removed.  [/home/brancs/MEOCloud/CR/proj/sha256/sha256.srcs/sources_1/bd/design_1/ipshared/8973/src/sha_hw.vhd:118]
WARNING: [Synth 8-6014] Unused sequential element h_0_reg was removed.  [/home/brancs/MEOCloud/CR/proj/sha256/sha256.srcs/sources_1/bd/design_1/ipshared/8973/src/sha_hw.vhd:117]
WARNING: [Synth 8-3331] design sha256_v1_0_S00_AXI has unconnected port S_AXI_AWPROT[2]
WARNING: [Synth 8-3331] design sha256_v1_0_S00_AXI has unconnected port S_AXI_AWPROT[1]
WARNING: [Synth 8-3331] design sha256_v1_0_S00_AXI has unconnected port S_AXI_AWPROT[0]
WARNING: [Synth 8-3331] design sha256_v1_0_S00_AXI has unconnected port S_AXI_ARPROT[2]
WARNING: [Synth 8-3331] design sha256_v1_0_S00_AXI has unconnected port S_AXI_ARPROT[1]
WARNING: [Synth 8-3331] design sha256_v1_0_S00_AXI has unconnected port S_AXI_ARPROT[0]
INFO: [Synth 8-3333] propagating constant 1 across sequential element (\U0/sha256_v1_0_S00_AXI_inst/aw_en_reg )
INFO: [Synth 8-3886] merging instance 'U0/sha256_v1_0_S00_AXI_inst/axi_rresp_reg[0]' (FDRE) to 'U0/sha256_v1_0_S00_AXI_inst/axi_rresp_reg[1]'
INFO: [Synth 8-3333] propagating constant 0 across sequential element (\U0/sha256_v1_0_S00_AXI_inst/axi_rresp_reg[1] )
INFO: [Synth 8-3886] merging instance 'U0/sha256_v1_0_S00_AXI_inst/axi_bresp_reg[0]' (FDRE) to 'U0/sha256_v1_0_S00_AXI_inst/axi_bresp_reg[1]'
INFO: [Synth 8-3333] propagating constant 0 across sequential element (\U0/sha256_v1_0_S00_AXI_inst/axi_bresp_reg[1] )
WARNING: [Synth 8-3332] Sequential element (s_h_reg[31]) is unused and will be removed from module sha_hw.
WARNING: [Synth 8-3332] Sequential element (s_h_reg[30]) is unused and will be removed from module sha_hw.
WARNING: [Synth 8-3332] Sequential element (s_h_reg[29]) is unused and will be removed from module sha_hw.
WARNING: [Synth 8-3332] Sequential element (s_h_reg[28]) is unused and will be removed from module sha_hw.
WARNING: [Synth 8-3332] Sequential element (s_h_reg[27]) is unused and will be removed from module sha_hw.
WARNING: [Synth 8-3332] Sequential element (s_h_reg[26]) is unused and will be removed from module sha_hw.
WARNING: [Synth 8-3332] Sequential element (s_h_reg[25]) is unused and will be removed from module sha_hw.
WARNING: [Synth 8-3332] Sequential element (s_h_reg[24]) is unused and will be removed from module sha_hw.
WARNING: [Synth 8-3332] Sequential element (s_h_reg[23]) is unused and will be removed from module sha_hw.
WARNING: [Synth 8-3332] Sequential element (s_h_reg[22]) is unused and will be removed from module sha_hw.
WARNING: [Synth 8-3332] Sequential element (s_h_reg[21]) is unused and will be removed from module sha_hw.
WARNING: [Synth 8-3332] Sequential element (s_h_reg[20]) is unused and will be removed from module sha_hw.
WARNING: [Synth 8-3332] Sequential element (s_h_reg[19]) is unused and will be removed from module sha_hw.
WARNING: [Synth 8-3332] Sequential element (s_h_reg[18]) is unused and will be removed from module sha_hw.
WARNING: [Synth 8-3332] Sequential element (s_h_reg[17]) is unused and will be removed from module sha_hw.
WARNING: [Synth 8-3332] Sequential element (s_h_reg[16]) is unused and will be removed from module sha_hw.
WARNING: [Synth 8-3332] Sequential element (s_h_reg[15]) is unused and will be removed from module sha_hw.
WARNING: [Synth 8-3332] Sequential element (s_h_reg[14]) is unused and will be removed from module sha_hw.
WARNING: [Synth 8-3332] Sequential element (s_h_reg[13]) is unused and will be removed from module sha_hw.
WARNING: [Synth 8-3332] Sequential element (s_h_reg[12]) is unused and will be removed from module sha_hw.
WARNING: [Synth 8-3332] Sequential element (s_h_reg[11]) is unused and will be removed from module sha_hw.
WARNING: [Synth 8-3332] Sequential element (s_h_reg[10]) is unused and will be removed from module sha_hw.
WARNING: [Synth 8-3332] Sequential element (s_h_reg[9]) is unused and will be removed from module sha_hw.
WARNING: [Synth 8-3332] Sequential element (s_h_reg[8]) is unused and will be removed from module sha_hw.
WARNING: [Synth 8-3332] Sequential element (s_h_reg[7]) is unused and will be removed from module sha_hw.
WARNING: [Synth 8-3332] Sequential element (s_h_reg[6]) is unused and will be removed from module sha_hw.
WARNING: [Synth 8-3332] Sequential element (s_h_reg[5]) is unused and will be removed from module sha_hw.
WARNING: [Synth 8-3332] Sequential element (s_h_reg[4]) is unused and will be removed from module sha_hw.
WARNING: [Synth 8-3332] Sequential element (s_h_reg[3]) is unused and will be removed from module sha_hw.
WARNING: [Synth 8-3332] Sequential element (s_h_reg[2]) is unused and will be removed from module sha_hw.
WARNING: [Synth 8-3332] Sequential element (s_h_reg[1]) is unused and will be removed from module sha_hw.
WARNING: [Synth 8-3332] Sequential element (s_h_reg[0]) is unused and will be removed from module sha_hw.
WARNING: [Synth 8-3332] Sequential element (h_7_reg[0]) is unused and will be removed from module sha_hw.
WARNING: [Synth 8-3332] Sequential element (h_7_reg[1]) is unused and will be removed from module sha_hw.
WARNING: [Synth 8-3332] Sequential element (h_7_reg[2]) is unused and will be removed from module sha_hw.
WARNING: [Synth 8-3332] Sequential element (h_7_reg[3]) is unused and will be removed from module sha_hw.
WARNING: [Synth 8-3332] Sequential element (h_7_reg[4]) is unused and will be removed from module sha_hw.
WARNING: [Synth 8-3332] Sequential element (h_7_reg[5]) is unused and will be removed from module sha_hw.
WARNING: [Synth 8-3332] Sequential element (h_7_reg[6]) is unused and will be removed from module sha_hw.
WARNING: [Synth 8-3332] Sequential element (h_7_reg[7]) is unused and will be removed from module sha_hw.
WARNING: [Synth 8-3332] Sequential element (h_7_reg[8]) is unused and will be removed from module sha_hw.
WARNING: [Synth 8-3332] Sequential element (h_7_reg[9]) is unused and will be removed from module sha_hw.
WARNING: [Synth 8-3332] Sequential element (h_7_reg[10]) is unused and will be removed from module sha_hw.
WARNING: [Synth 8-3332] Sequential element (h_7_reg[11]) is unused and will be removed from module sha_hw.
WARNING: [Synth 8-3332] Sequential element (h_7_reg[12]) is unused and will be removed from module sha_hw.
WARNING: [Synth 8-3332] Sequential element (h_7_reg[13]) is unused and will be removed from module sha_hw.
WARNING: [Synth 8-3332] Sequential element (h_7_reg[14]) is unused and will be removed from module sha_hw.
WARNING: [Synth 8-3332] Sequential element (h_7_reg[15]) is unused and will be removed from module sha_hw.
WARNING: [Synth 8-3332] Sequential element (h_7_reg[16]) is unused and will be removed from module sha_hw.
WARNING: [Synth 8-3332] Sequential element (h_7_reg[17]) is unused and will be removed from module sha_hw.
WARNING: [Synth 8-3332] Sequential element (h_7_reg[18]) is unused and will be removed from module sha_hw.
WARNING: [Synth 8-3332] Sequential element (h_7_reg[19]) is unused and will be removed from module sha_hw.
WARNING: [Synth 8-3332] Sequential element (h_7_reg[20]) is unused and will be removed from module sha_hw.
WARNING: [Synth 8-3332] Sequential element (h_7_reg[21]) is unused and will be removed from module sha_hw.
WARNING: [Synth 8-3332] Sequential element (h_7_reg[22]) is unused and will be removed from module sha_hw.
WARNING: [Synth 8-3332] Sequential element (h_7_reg[23]) is unused and will be removed from module sha_hw.
WARNING: [Synth 8-3332] Sequential element (h_7_reg[24]) is unused and will be removed from module sha_hw.
WARNING: [Synth 8-3332] Sequential element (h_7_reg[25]) is unused and will be removed from module sha_hw.
WARNING: [Synth 8-3332] Sequential element (h_7_reg[26]) is unused and will be removed from module sha_hw.
WARNING: [Synth 8-3332] Sequential element (h_7_reg[27]) is unused and will be removed from module sha_hw.
WARNING: [Synth 8-3332] Sequential element (h_7_reg[28]) is unused and will be removed from module sha_hw.
WARNING: [Synth 8-3332] Sequential element (h_7_reg[29]) is unused and will be removed from module sha_hw.
WARNING: [Synth 8-3332] Sequential element (h_7_reg[30]) is unused and will be removed from module sha_hw.
WARNING: [Synth 8-3332] Sequential element (h_7_reg[31]) is unused and will be removed from module sha_hw.
WARNING: [Synth 8-3332] Sequential element (s_g_reg[31]) is unused and will be removed from module sha_hw.
WARNING: [Synth 8-3332] Sequential element (s_g_reg[30]) is unused and will be removed from module sha_hw.
WARNING: [Synth 8-3332] Sequential element (s_g_reg[29]) is unused and will be removed from module sha_hw.
WARNING: [Synth 8-3332] Sequential element (s_g_reg[28]) is unused and will be removed from module sha_hw.
WARNING: [Synth 8-3332] Sequential element (s_g_reg[27]) is unused and will be removed from module sha_hw.
WARNING: [Synth 8-3332] Sequential element (s_g_reg[26]) is unused and will be removed from module sha_hw.
WARNING: [Synth 8-3332] Sequential element (s_g_reg[25]) is unused and will be removed from module sha_hw.
WARNING: [Synth 8-3332] Sequential element (s_g_reg[24]) is unused and will be removed from module sha_hw.
WARNING: [Synth 8-3332] Sequential element (s_g_reg[23]) is unused and will be removed from module sha_hw.
WARNING: [Synth 8-3332] Sequential element (s_g_reg[22]) is unused and will be removed from module sha_hw.
WARNING: [Synth 8-3332] Sequential element (s_g_reg[21]) is unused and will be removed from module sha_hw.
WARNING: [Synth 8-3332] Sequential element (s_g_reg[20]) is unused and will be removed from module sha_hw.
WARNING: [Synth 8-3332] Sequential element (s_g_reg[19]) is unused and will be removed from module sha_hw.
WARNING: [Synth 8-3332] Sequential element (s_g_reg[18]) is unused and will be removed from module sha_hw.
WARNING: [Synth 8-3332] Sequential element (s_g_reg[17]) is unused and will be removed from module sha_hw.
WARNING: [Synth 8-3332] Sequential element (s_g_reg[16]) is unused and will be removed from module sha_hw.
WARNING: [Synth 8-3332] Sequential element (s_g_reg[15]) is unused and will be removed from module sha_hw.
WARNING: [Synth 8-3332] Sequential element (s_g_reg[14]) is unused and will be removed from module sha_hw.
WARNING: [Synth 8-3332] Sequential element (s_g_reg[13]) is unused and will be removed from module sha_hw.
WARNING: [Synth 8-3332] Sequential element (s_g_reg[12]) is unused and will be removed from module sha_hw.
WARNING: [Synth 8-3332] Sequential element (s_g_reg[11]) is unused and will be removed from module sha_hw.
WARNING: [Synth 8-3332] Sequential element (s_g_reg[10]) is unused and will be removed from module sha_hw.
WARNING: [Synth 8-3332] Sequential element (s_g_reg[9]) is unused and will be removed from module sha_hw.
WARNING: [Synth 8-3332] Sequential element (s_g_reg[8]) is unused and will be removed from module sha_hw.
WARNING: [Synth 8-3332] Sequential element (s_g_reg[7]) is unused and will be removed from module sha_hw.
WARNING: [Synth 8-3332] Sequential element (s_g_reg[6]) is unused and will be removed from module sha_hw.
WARNING: [Synth 8-3332] Sequential element (s_g_reg[5]) is unused and will be removed from module sha_hw.
WARNING: [Synth 8-3332] Sequential element (s_g_reg[4]) is unused and will be removed from module sha_hw.
WARNING: [Synth 8-3332] Sequential element (s_g_reg[3]) is unused and will be removed from module sha_hw.
WARNING: [Synth 8-3332] Sequential element (s_g_reg[2]) is unused and will be removed from module sha_hw.
WARNING: [Synth 8-3332] Sequential element (s_g_reg[1]) is unused and will be removed from module sha_hw.
WARNING: [Synth 8-3332] Sequential element (s_g_reg[0]) is unused and will be removed from module sha_hw.
WARNING: [Synth 8-3332] Sequential element (h_6_reg[0]) is unused and will be removed from module sha_hw.
WARNING: [Synth 8-3332] Sequential element (h_6_reg[1]) is unused and will be removed from module sha_hw.
WARNING: [Synth 8-3332] Sequential element (h_6_reg[2]) is unused and will be removed from module sha_hw.
WARNING: [Synth 8-3332] Sequential element (h_6_reg[3]) is unused and will be removed from module sha_hw.
INFO: [Common 17-14] Message 'Synth 8-3332' appears 100 times and further instances of the messages will be disabled. Use the Tcl command set_msg_config to change the current settings.
---------------------------------------------------------------------------------
Finished Cross Boundary and Area Optimization : Time (s): cpu = 00:00:33 ; elapsed = 00:00:45 . Memory (MB): peak = 1709.785 ; gain = 528.547 ; free physical = 206 ; free virtual = 20021
---------------------------------------------------------------------------------
---------------------------------------------------------------------------------
Start ROM, RAM, DSP and Shift Register Reporting
---------------------------------------------------------------------------------

ROM:
+------------+------------+---------------+----------------+
|Module Name | RTL Object | Depth x Width | Implemented As | 
+------------+------------+---------------+----------------+
|sha_hw      | k[0]       | 64x32         | LUT            | 
|sha_hw      | k[0]       | 64x32         | LUT            | 
+------------+------------+---------------+----------------+

---------------------------------------------------------------------------------
Finished ROM, RAM, DSP and Shift Register Reporting
---------------------------------------------------------------------------------

Report RTL Partitions: 
+-+--------------+------------+----------+
| |RTL Partition |Replication |Instances |
+-+--------------+------------+----------+
+-+--------------+------------+----------+
---------------------------------------------------------------------------------
Start Applying XDC Timing Constraints
---------------------------------------------------------------------------------
---------------------------------------------------------------------------------
Finished Applying XDC Timing Constraints : Time (s): cpu = 00:00:41 ; elapsed = 00:00:56 . Memory (MB): peak = 1709.785 ; gain = 528.547 ; free physical = 161 ; free virtual = 19856
---------------------------------------------------------------------------------
---------------------------------------------------------------------------------
Start Timing Optimization
---------------------------------------------------------------------------------
---------------------------------------------------------------------------------
Finished Timing Optimization : Time (s): cpu = 00:00:41 ; elapsed = 00:00:56 . Memory (MB): peak = 1709.785 ; gain = 528.547 ; free physical = 160 ; free virtual = 19856
---------------------------------------------------------------------------------

Report RTL Partitions: 
+-+--------------+------------+----------+
| |RTL Partition |Replication |Instances |
+-+--------------+------------+----------+
+-+--------------+------------+----------+
---------------------------------------------------------------------------------
Start Technology Mapping
---------------------------------------------------------------------------------
---------------------------------------------------------------------------------
Finished Technology Mapping : Time (s): cpu = 00:00:42 ; elapsed = 00:00:57 . Memory (MB): peak = 1709.785 ; gain = 528.547 ; free physical = 161 ; free virtual = 19856
---------------------------------------------------------------------------------

Report RTL Partitions: 
+-+--------------+------------+----------+
| |RTL Partition |Replication |Instances |
+-+--------------+------------+----------+
+-+--------------+------------+----------+
---------------------------------------------------------------------------------
Start IO Insertion
---------------------------------------------------------------------------------
---------------------------------------------------------------------------------
Start Flattening Before IO Insertion
---------------------------------------------------------------------------------
---------------------------------------------------------------------------------
Finished Flattening Before IO Insertion
---------------------------------------------------------------------------------
---------------------------------------------------------------------------------
Start Final Netlist Cleanup
---------------------------------------------------------------------------------
---------------------------------------------------------------------------------
Finished Final Netlist Cleanup
---------------------------------------------------------------------------------
---------------------------------------------------------------------------------
Finished IO Insertion : Time (s): cpu = 00:00:43 ; elapsed = 00:00:58 . Memory (MB): peak = 1709.785 ; gain = 528.547 ; free physical = 160 ; free virtual = 19854
---------------------------------------------------------------------------------

Report Check Netlist: 
+------+------------------+-------+---------+-------+------------------+
|      |Item              |Errors |Warnings |Status |Description       |
+------+------------------+-------+---------+-------+------------------+
|1     |multi_driven_nets |      0|        0|Passed |Multi driven nets |
+------+------------------+-------+---------+-------+------------------+
---------------------------------------------------------------------------------
Start Renaming Generated Instances
---------------------------------------------------------------------------------
---------------------------------------------------------------------------------
Finished Renaming Generated Instances : Time (s): cpu = 00:00:43 ; elapsed = 00:00:58 . Memory (MB): peak = 1709.785 ; gain = 528.547 ; free physical = 160 ; free virtual = 19854
---------------------------------------------------------------------------------

Report RTL Partitions: 
+-+--------------+------------+----------+
| |RTL Partition |Replication |Instances |
+-+--------------+------------+----------+
+-+--------------+------------+----------+
---------------------------------------------------------------------------------
Start Rebuilding User Hierarchy
---------------------------------------------------------------------------------
---------------------------------------------------------------------------------
Finished Rebuilding User Hierarchy : Time (s): cpu = 00:00:43 ; elapsed = 00:00:58 . Memory (MB): peak = 1709.785 ; gain = 528.547 ; free physical = 160 ; free virtual = 19854
---------------------------------------------------------------------------------
---------------------------------------------------------------------------------
Start Renaming Generated Ports
---------------------------------------------------------------------------------
---------------------------------------------------------------------------------
Finished Renaming Generated Ports : Time (s): cpu = 00:00:43 ; elapsed = 00:00:58 . Memory (MB): peak = 1709.785 ; gain = 528.547 ; free physical = 160 ; free virtual = 19854
---------------------------------------------------------------------------------
---------------------------------------------------------------------------------
Start Handling Custom Attributes
---------------------------------------------------------------------------------
---------------------------------------------------------------------------------
Finished Handling Custom Attributes : Time (s): cpu = 00:00:43 ; elapsed = 00:00:58 . Memory (MB): peak = 1709.785 ; gain = 528.547 ; free physical = 160 ; free virtual = 19854
---------------------------------------------------------------------------------
---------------------------------------------------------------------------------
Start Renaming Generated Nets
---------------------------------------------------------------------------------
---------------------------------------------------------------------------------
Finished Renaming Generated Nets : Time (s): cpu = 00:00:43 ; elapsed = 00:00:58 . Memory (MB): peak = 1709.785 ; gain = 528.547 ; free physical = 160 ; free virtual = 19854
---------------------------------------------------------------------------------
---------------------------------------------------------------------------------
Start Writing Synthesis Report
---------------------------------------------------------------------------------

Report BlackBoxes: 
+-+--------------+----------+
| |BlackBox name |Instances |
+-+--------------+----------+
+-+--------------+----------+

Report Cell Usage: 
+------+------+------+
|      |Cell  |Count |
+------+------+------+
|1     |LUT1  |     2|
|2     |LUT2  |    78|
|3     |LUT3  |     4|
|4     |LUT4  |     7|
|5     |LUT5  |    38|
|6     |LUT6  |   184|
|7     |MUXF7 |    64|
|8     |FDRE  |   662|
|9     |FDSE  |     5|
+------+------+------+

Report Instance Areas: 
+------+-----------------------------+--------------------+------+
|      |Instance                     |Module              |Cells |
+------+-----------------------------+--------------------+------+
|1     |top                          |                    |  1044|
|2     |  U0                         |sha256_v1_0         |  1044|
|3     |    sha256_v1_0_S00_AXI_inst |sha256_v1_0_S00_AXI |  1042|
|4     |      \gen[0].sha            |sha_hw              |    30|
+------+-----------------------------+--------------------+------+
---------------------------------------------------------------------------------
Finished Writing Synthesis Report : Time (s): cpu = 00:00:43 ; elapsed = 00:00:58 . Memory (MB): peak = 1709.785 ; gain = 528.547 ; free physical = 160 ; free virtual = 19854
---------------------------------------------------------------------------------
Synthesis finished with 0 errors, 0 critical warnings and 3864 warnings.
Synthesis Optimization Runtime : Time (s): cpu = 00:00:33 ; elapsed = 00:00:39 . Memory (MB): peak = 1709.785 ; gain = 135.527 ; free physical = 214 ; free virtual = 19908
Synthesis Optimization Complete : Time (s): cpu = 00:00:43 ; elapsed = 00:00:58 . Memory (MB): peak = 1709.785 ; gain = 528.547 ; free physical = 214 ; free virtual = 19908
INFO: [Project 1-571] Translating synthesized netlist
INFO: [Netlist 29-17] Analyzing 64 Unisim elements for replacement
INFO: [Netlist 29-28] Unisim Transformation completed in 0 CPU seconds
WARNING: [Netlist 29-101] Netlist 'design_1_sha256_0_0' is not ideal for floorplanning, since the cellview 'sha256_v1_0_S00_AXI' contains a large number of primitives.  Please consider enabling hierarchy in synthesis if you want to do floorplanning.
INFO: [Project 1-570] Preparing netlist for logic optimization
INFO: [Opt 31-138] Pushed 0 inverter(s) to 0 load pin(s).
INFO: [Project 1-111] Unisim Transformation Summary:
No Unisim elements were transformed.

INFO: [Common 17-83] Releasing license: Synthesis
132 Infos, 157 Warnings, 0 Critical Warnings and 0 Errors encountered.
synth_design completed successfully
synth_design: Time (s): cpu = 00:00:45 ; elapsed = 00:00:59 . Memory (MB): peak = 1709.785 ; gain = 541.922 ; free physical = 215 ; free virtual = 19902
INFO: [Common 17-1381] The checkpoint '/home/brancs/MEOCloud/CR/proj/sha256/sha256.runs/design_1_sha256_0_0_synth_1/design_1_sha256_0_0.dcp' has been generated.
