Copyright 1986-2017 Xilinx, Inc. All Rights Reserved.
------------------------------------------------------------------------------------
| Tool Version : Vivado v.2017.4 (lin64) Build 2086221 Fri Dec 15 20:54:30 MST 2017
| Date         : Fri Jun  1 21:10:10 2018
| Host         : brancs running 64-bit Ubuntu 16.04.4 LTS
| Command      : upgrade_ip
| Device       : xc7a100tcsg324-1
------------------------------------------------------------------------------------

Upgrade Log for IP 'design_1_sha256_0_0'

1. Summary
----------

SUCCESS in the upgrade of design_1_sha256_0_0 (user.org:user:sha256:1.0) from (Rev. 11) to (Rev. 12)






Copyright 1986-2017 Xilinx, Inc. All Rights Reserved.
------------------------------------------------------------------------------------
| Tool Version : Vivado v.2017.4 (lin64) Build 2086221 Fri Dec 15 20:54:30 MST 2017
| Date         : Fri Jun  1 21:02:45 2018
| Host         : brancs running 64-bit Ubuntu 16.04.4 LTS
| Command      : upgrade_ip
| Device       : xc7a100tcsg324-1
------------------------------------------------------------------------------------

Upgrade Log for IP 'design_1_sha256_0_0'

1. Summary
----------

SUCCESS in the upgrade of design_1_sha256_0_0 (user.org:user:sha256:1.0) from (Rev. 10) to (Rev. 11)






Copyright 1986-2017 Xilinx, Inc. All Rights Reserved.
------------------------------------------------------------------------------------
| Tool Version : Vivado v.2017.4 (lin64) Build 2086221 Fri Dec 15 20:54:30 MST 2017
| Date         : Fri Jun  1 19:13:18 2018
| Host         : brancs running 64-bit Ubuntu 16.04.4 LTS
| Command      : upgrade_ip
| Device       : xc7a100tcsg324-1
------------------------------------------------------------------------------------

Upgrade Log for IP 'design_1_sha256_0_0'

1. Summary
----------

SUCCESS in the conversion of design_1_sha256_0_0 (user.org:user:sha256:1.0 (Rev. 10)) to Vivado generation flows.






Copyright 1986-2017 Xilinx, Inc. All Rights Reserved.
------------------------------------------------------------------------------------
| Tool Version : Vivado v.2017.4 (lin64) Build 2086221 Fri Dec 15 20:54:30 MST 2017
| Date         : Fri Jun  1 18:52:32 2018
| Host         : brancs running 64-bit Ubuntu 16.04.4 LTS
| Command      : upgrade_ip
| Device       : xc7a100tcsg324-1
------------------------------------------------------------------------------------

Upgrade Log for IP 'design_1_sha256_0_0'

1. Summary
----------

SUCCESS in the upgrade of design_1_sha256_0_0 (user.org:user:sha256:1.0) from (Rev. 9) to (Rev. 10)






Copyright 1986-2017 Xilinx, Inc. All Rights Reserved.
------------------------------------------------------------------------------------
| Tool Version : Vivado v.2017.4 (lin64) Build 2086221 Fri Dec 15 20:54:30 MST 2017
| Date         : Fri Jun  1 18:48:40 2018
| Host         : brancs running 64-bit Ubuntu 16.04.4 LTS
| Command      : upgrade_ip
| Device       : xc7a100tcsg324-1
------------------------------------------------------------------------------------

Upgrade Log for IP 'design_1_sha256_0_0'

1. Summary
----------

SUCCESS in the upgrade of design_1_sha256_0_0 (user.org:user:sha256:1.0) from (Rev. 8) to (Rev. 9)






Copyright 1986-2017 Xilinx, Inc. All Rights Reserved.
------------------------------------------------------------------------------------
| Tool Version : Vivado v.2017.4 (lin64) Build 2086221 Fri Dec 15 20:54:30 MST 2017
| Date         : Fri Jun  1 18:44:28 2018
| Host         : brancs running 64-bit Ubuntu 16.04.4 LTS
| Command      : upgrade_ip
| Device       : xc7a100tcsg324-1
------------------------------------------------------------------------------------

Upgrade Log for IP 'design_1_sha256_0_0'

1. Summary
----------

SUCCESS in the upgrade of design_1_sha256_0_0 (user.org:user:sha256:1.0) from (Rev. 7) to (Rev. 8)






Copyright 1986-2017 Xilinx, Inc. All Rights Reserved.
------------------------------------------------------------------------------------
| Tool Version : Vivado v.2017.4 (lin64) Build 2086221 Fri Dec 15 20:54:30 MST 2017
| Date         : Fri Jun  1 18:39:25 2018
| Host         : brancs running 64-bit Ubuntu 16.04.4 LTS
| Command      : upgrade_ip
| Device       : xc7a100tcsg324-1
------------------------------------------------------------------------------------

Upgrade Log for IP 'design_1_sha256_0_0'

1. Summary
----------

SUCCESS in the upgrade of design_1_sha256_0_0 (user.org:user:sha256:1.0) from (Rev. 6) to (Rev. 7)






Copyright 1986-2017 Xilinx, Inc. All Rights Reserved.
------------------------------------------------------------------------------------
| Tool Version : Vivado v.2017.4 (lin64) Build 2086221 Fri Dec 15 20:54:30 MST 2017
| Date         : Fri Jun  1 18:30:03 2018
| Host         : brancs running 64-bit Ubuntu 16.04.4 LTS
| Command      : upgrade_ip
| Device       : xc7a100tcsg324-1
------------------------------------------------------------------------------------

Upgrade Log for IP 'design_1_sha256_0_0'

1. Summary
----------

SUCCESS in the upgrade of design_1_sha256_0_0 (user.org:user:sha256:1.0) from (Rev. 5) to (Rev. 6)






Copyright 1986-2017 Xilinx, Inc. All Rights Reserved.
------------------------------------------------------------------------------------
| Tool Version : Vivado v.2017.4 (lin64) Build 2086221 Fri Dec 15 20:54:30 MST 2017
| Date         : Fri Jun  1 18:24:32 2018
| Host         : brancs running 64-bit Ubuntu 16.04.4 LTS
| Command      : upgrade_ip
| Device       : xc7a100tcsg324-1
------------------------------------------------------------------------------------

Upgrade Log for IP 'design_1_sha256_0_0'

1. Summary
----------

SUCCESS in the upgrade of design_1_sha256_0_0 (user.org:user:sha256:1.0) from (Rev. 4) to (Rev. 5)






Copyright 1986-2017 Xilinx, Inc. All Rights Reserved.
------------------------------------------------------------------------------------
| Tool Version : Vivado v.2017.4 (lin64) Build 2086221 Fri Dec 15 20:54:30 MST 2017
| Date         : Fri Jun  1 18:21:57 2018
| Host         : brancs running 64-bit Ubuntu 16.04.4 LTS
| Command      : upgrade_ip
| Device       : xc7a100tcsg324-1
------------------------------------------------------------------------------------

Upgrade Log for IP 'design_1_sha256_0_0'

1. Summary
----------

SUCCESS in the upgrade of design_1_sha256_0_0 (user.org:user:sha256:1.0) from (Rev. 3) to (Rev. 4)






Copyright 1986-2017 Xilinx, Inc. All Rights Reserved.
------------------------------------------------------------------------------------
| Tool Version : Vivado v.2017.4 (lin64) Build 2086221 Fri Dec 15 20:54:30 MST 2017
| Date         : Fri Jun  1 16:10:26 2018
| Host         : brancs running 64-bit Ubuntu 16.04.4 LTS
| Command      : upgrade_ip
| Device       : xc7a100tcsg324-1
------------------------------------------------------------------------------------

Upgrade Log for IP 'design_1_sha256_0_0'

1. Summary
----------

SUCCESS in the upgrade of design_1_sha256_0_0 (user.org:user:sha256:1.0) from (Rev. 2) to (Rev. 3)






Copyright 1986-2017 Xilinx, Inc. All Rights Reserved.
------------------------------------------------------------------------------------
| Tool Version : Vivado v.2017.4 (lin64) Build 2086221 Fri Dec 15 20:54:30 MST 2017
| Date         : Fri Jun  1 10:39:46 2018
| Host         : brancs running 64-bit Ubuntu 16.04.4 LTS
| Command      : upgrade_ip
| Device       : xc7a100tcsg324-1
------------------------------------------------------------------------------------

Upgrade Log for IP 'design_1_sha256_1_0'

1. Summary
----------

SUCCESS in the upgrade of design_1_sha256_1_0 (user.org:user:sha256:2.0) from (Rev. 1) to (Rev. 2)

