01:12:26 INFO  : Registering command handlers for SDK TCF services
01:12:30 INFO  : Launching XSCT server: xsct -n -interactive /home/brancs/MEOCloud/CR/Get-Shaded-256/sha256/sha256.sdk/temp_xsdb_launch_script.tcl
01:12:32 INFO  : XSCT server has started successfully.
01:12:32 INFO  : Successfully done setting XSCT server connection channel  
01:12:32 INFO  : Successfully done setting SDK workspace  
01:12:32 INFO  : Processing command line option -hwspec /home/brancs/MEOCloud/CR/Get-Shaded-256/sha256/sha256.sdk/sha256_wrapper.hdf.
01:37:46 INFO  : Registering command handlers for SDK TCF services
01:37:47 INFO  : Launching XSCT server: xsct -n -interactive /home/brancs/MEOCloud/CR/Get-Shaded-256/sha256/sha256.sdk/temp_xsdb_launch_script.tcl
01:37:49 INFO  : XSCT server has started successfully.
01:37:49 INFO  : Successfully done setting XSCT server connection channel  
01:37:49 INFO  : Successfully done setting SDK workspace  
01:37:49 INFO  : Processing command line option -hwspec /home/brancs/MEOCloud/CR/Get-Shaded-256/sha256/sha256.sdk/sha256_wrapper.hdf.
01:37:50 INFO  : Checking for hwspec changes in the project sha256_wrapper_hw_platform_0.
01:37:51 INFO  : SDK has detected change in the last modified timestamps for source hardware specification file Source:1527899839000,  Project:1527898317000
01:37:51 INFO  : The hardware specification for project 'sha256_wrapper_hw_platform_0' is different from /home/brancs/MEOCloud/CR/Get-Shaded-256/sha256/sha256.sdk/sha256_wrapper.hdf.
01:37:51 INFO  : Copied contents of /home/brancs/MEOCloud/CR/Get-Shaded-256/sha256/sha256.sdk/sha256_wrapper.hdf into /sha256_wrapper_hw_platform_0/system.hdf.
01:37:51 INFO  : Synchronizing projects in the workspace with the hardware platform specification changes.
01:37:52 INFO  : 
01:37:53 INFO  : Updating hardware inferred compiler options for sha256.
01:37:53 INFO  : Clearing existing target manager status.
01:37:53 WARN  : Given IPC port value is invalid. Using default port 2350
01:37:53 WARN  : Given XMD timeout value is invalid. Using default value of 50000
01:37:56 WARN  : Given XMD transaction timeout value is invalid. Using default value of 60000 milli seconds
02:07:33 INFO  : Connected to target on host '127.0.0.1' and port '3121'.
02:07:34 INFO  : 'targets -set -filter {jtag_cable_name =~ "Digilent Nexys4 210274504771A" && level==0} -index 0' command is executed.
02:07:36 INFO  : FPGA configured successfully with bitstream "/home/brancs/MEOCloud/CR/Get-Shaded-256/sha256/sha256.sdk/sha256_wrapper_hw_platform_0/download.bit"
02:09:09 INFO  : Connected to target on host '127.0.0.1' and port '3121'.
02:09:09 INFO  : 'targets -set -filter {jtag_cable_name =~ "Digilent Nexys4 210274504771A" && level==0} -index 0' command is executed.
02:09:12 INFO  : FPGA configured successfully with bitstream "/home/brancs/MEOCloud/CR/Get-Shaded-256/sha256/sha256.sdk/sha256_wrapper_hw_platform_0/download.bit"
02:09:39 INFO  : 'targets -set -filter {jtag_cable_name =~ "Digilent Nexys4 210274504771A" && level==0} -index 0' command is executed.
02:09:39 INFO  : 'fpga -state' command is executed.
02:09:39 INFO  : Connected to target on host '127.0.0.1' and port '3121'.
02:09:39 INFO  : Jtag cable 'Digilent Nexys4 210274504771A' is selected.
02:09:39 INFO  : 'jtag frequency' command is executed.
02:09:39 INFO  : Context for processor 'microblaze_0' is selected.
02:09:39 INFO  : Processor reset is completed for 'microblaze_0'.
02:09:39 INFO  : Context for processor 'microblaze_0' is selected.
02:09:39 INFO  : The application '/home/brancs/MEOCloud/CR/Get-Shaded-256/sha256/sha256.sdk/sha256/Debug/sha256.elf' is downloaded to processor 'microblaze_0'.
02:09:39 INFO  : ----------------XSDB Script----------------
connect -url tcp:127.0.0.1:3121
targets -set -nocase -filter {name =~ "microblaze*#0" && bscan=="USER2"  && jtag_cable_name =~ "Digilent Nexys4 210274504771A"} -index 0
rst -processor
targets -set -nocase -filter {name =~ "microblaze*#0" && bscan=="USER2"  && jtag_cable_name =~ "Digilent Nexys4 210274504771A"} -index 0
dow /home/brancs/MEOCloud/CR/Get-Shaded-256/sha256/sha256.sdk/sha256/Debug/sha256.elf
----------------End of Script----------------

02:09:39 INFO  : Memory regions updated for context MicroBlaze #0
02:09:39 INFO  : Memory regions updated for context MicroBlaze Debug Module at USER2
02:09:40 INFO  : Context for processor 'microblaze_0' is selected.
02:09:40 INFO  : 'con' command is executed.
02:09:40 INFO  : ----------------XSDB Script (After Launch)----------------
targets -set -nocase -filter {name =~ "microblaze*#0" && bscan=="USER2"  && jtag_cable_name =~ "Digilent Nexys4 210274504771A"} -index 0
con
----------------End of Script----------------

02:09:40 INFO  : Launch script is exported to file '/home/brancs/MEOCloud/CR/Get-Shaded-256/sha256/sha256.sdk/.sdk/launch_scripts/xilinx_c-c++_application_(system_debugger)/system_debugger_using_debug_sha256.elf_on_local.tcl'
02:10:09 INFO  : Connected to target on host '127.0.0.1' and port '3121'.
02:10:09 INFO  : 'targets -set -filter {jtag_cable_name =~ "Digilent Nexys4 210274504771A" && level==0} -index 0' command is executed.
02:10:14 INFO  : FPGA configured successfully with bitstream "/home/brancs/MEOCloud/CR/Get-Shaded-256/sha256/sha256.sdk/sha256_wrapper_hw_platform_0/download.bit"
02:10:23 INFO  : Disconnected from the channel tcfchan#1.
02:11:16 INFO  : Connected to target on host '127.0.0.1' and port '3121'.
02:11:16 INFO  : 'targets -set -filter {jtag_cable_name =~ "Digilent Nexys4 210274504771A" && level==0} -index 0' command is executed.
02:11:22 INFO  : FPGA configured successfully with bitstream "/home/brancs/MEOCloud/CR/Get-Shaded-256/sha256/sha256.sdk/sha256_wrapper_hw_platform_0/download.bit"
02:11:28 INFO  : 'targets -set -filter {jtag_cable_name =~ "Digilent Nexys4 210274504771A" && level==0} -index 0' command is executed.
02:11:28 INFO  : 'fpga -state' command is executed.
02:11:28 INFO  : Connected to target on host '127.0.0.1' and port '3121'.
02:11:28 INFO  : Jtag cable 'Digilent Nexys4 210274504771A' is selected.
02:11:28 INFO  : 'jtag frequency' command is executed.
02:11:28 INFO  : Context for processor 'microblaze_0' is selected.
02:11:28 INFO  : Processor reset is completed for 'microblaze_0'.
02:11:28 INFO  : Context for processor 'microblaze_0' is selected.
02:11:28 INFO  : The application '/home/brancs/MEOCloud/CR/Get-Shaded-256/sha256/sha256.sdk/sha256/Debug/sha256.elf' is downloaded to processor 'microblaze_0'.
02:11:28 INFO  : ----------------XSDB Script----------------
connect -url tcp:127.0.0.1:3121
targets -set -nocase -filter {name =~ "microblaze*#0" && bscan=="USER2"  && jtag_cable_name =~ "Digilent Nexys4 210274504771A"} -index 0
rst -processor
targets -set -nocase -filter {name =~ "microblaze*#0" && bscan=="USER2"  && jtag_cable_name =~ "Digilent Nexys4 210274504771A"} -index 0
dow /home/brancs/MEOCloud/CR/Get-Shaded-256/sha256/sha256.sdk/sha256/Debug/sha256.elf
----------------End of Script----------------

02:11:28 INFO  : Memory regions updated for context MicroBlaze #0
02:11:28 INFO  : Memory regions updated for context MicroBlaze Debug Module at USER2
02:11:28 INFO  : Context for processor 'microblaze_0' is selected.
02:11:29 INFO  : 'con' command is executed.
02:11:29 INFO  : ----------------XSDB Script (After Launch)----------------
targets -set -nocase -filter {name =~ "microblaze*#0" && bscan=="USER2"  && jtag_cable_name =~ "Digilent Nexys4 210274504771A"} -index 0
con
----------------End of Script----------------

02:11:29 INFO  : Launch script is exported to file '/home/brancs/MEOCloud/CR/Get-Shaded-256/sha256/sha256.sdk/.sdk/launch_scripts/xilinx_c-c++_application_(system_debugger)/system_debugger_using_debug_sha256.elf_on_local.tcl'
02:11:54 INFO  : Disconnected from the channel tcfchan#2.
02:11:55 INFO  : 'targets -set -filter {jtag_cable_name =~ "Digilent Nexys4 210274504771A" && level==0} -index 0' command is executed.
02:11:55 INFO  : 'fpga -state' command is executed.
02:11:55 INFO  : Connected to target on host '127.0.0.1' and port '3121'.
02:11:55 INFO  : Jtag cable 'Digilent Nexys4 210274504771A' is selected.
02:11:55 INFO  : 'jtag frequency' command is executed.
02:11:55 INFO  : Context for processor 'microblaze_0' is selected.
02:11:55 INFO  : Processor reset is completed for 'microblaze_0'.
02:11:55 INFO  : Context for processor 'microblaze_0' is selected.
02:11:55 INFO  : The application '/home/brancs/MEOCloud/CR/Get-Shaded-256/sha256/sha256.sdk/sha256/Debug/sha256.elf' is downloaded to processor 'microblaze_0'.
02:11:55 INFO  : ----------------XSDB Script----------------
connect -url tcp:127.0.0.1:3121
targets -set -nocase -filter {name =~ "microblaze*#0" && bscan=="USER2"  && jtag_cable_name =~ "Digilent Nexys4 210274504771A"} -index 0
rst -processor
targets -set -nocase -filter {name =~ "microblaze*#0" && bscan=="USER2"  && jtag_cable_name =~ "Digilent Nexys4 210274504771A"} -index 0
dow /home/brancs/MEOCloud/CR/Get-Shaded-256/sha256/sha256.sdk/sha256/Debug/sha256.elf
----------------End of Script----------------

02:11:55 INFO  : Memory regions updated for context MicroBlaze #0
02:11:55 INFO  : Memory regions updated for context MicroBlaze Debug Module at USER2
02:11:55 INFO  : Context for processor 'microblaze_0' is selected.
02:11:55 INFO  : 'con' command is executed.
02:11:55 INFO  : ----------------XSDB Script (After Launch)----------------
targets -set -nocase -filter {name =~ "microblaze*#0" && bscan=="USER2"  && jtag_cable_name =~ "Digilent Nexys4 210274504771A"} -index 0
con
----------------End of Script----------------

02:11:55 INFO  : Launch script is exported to file '/home/brancs/MEOCloud/CR/Get-Shaded-256/sha256/sha256.sdk/.sdk/launch_scripts/xilinx_c-c++_application_(system_debugger)/system_debugger_using_debug_sha256.elf_on_local.tcl'
02:12:33 INFO  : Connected to target on host '127.0.0.1' and port '3121'.
02:12:33 INFO  : 'targets -set -filter {jtag_cable_name =~ "Digilent Nexys4 210274504771A" && level==0} -index 0' command is executed.
02:12:38 INFO  : FPGA configured successfully with bitstream "/home/brancs/MEOCloud/CR/Get-Shaded-256/sha256/sha256.sdk/sha256_wrapper_hw_platform_0/download.bit"
02:13:01 INFO  : Disconnected from the channel tcfchan#3.
02:13:02 INFO  : 'targets -set -filter {jtag_cable_name =~ "Digilent Nexys4 210274504771A" && level==0} -index 0' command is executed.
02:13:02 INFO  : 'fpga -state' command is executed.
02:13:02 INFO  : Connected to target on host '127.0.0.1' and port '3121'.
02:13:02 INFO  : Jtag cable 'Digilent Nexys4 210274504771A' is selected.
02:13:02 INFO  : 'jtag frequency' command is executed.
02:13:02 INFO  : Context for processor 'microblaze_0' is selected.
02:13:02 INFO  : Processor reset is completed for 'microblaze_0'.
02:13:02 INFO  : Context for processor 'microblaze_0' is selected.
02:13:03 INFO  : The application '/home/brancs/MEOCloud/CR/Get-Shaded-256/sha256/sha256.sdk/sha256/Debug/sha256.elf' is downloaded to processor 'microblaze_0'.
02:13:03 INFO  : ----------------XSDB Script----------------
connect -url tcp:127.0.0.1:3121
targets -set -nocase -filter {name =~ "microblaze*#0" && bscan=="USER2"  && jtag_cable_name =~ "Digilent Nexys4 210274504771A"} -index 0
rst -processor
targets -set -nocase -filter {name =~ "microblaze*#0" && bscan=="USER2"  && jtag_cable_name =~ "Digilent Nexys4 210274504771A"} -index 0
dow /home/brancs/MEOCloud/CR/Get-Shaded-256/sha256/sha256.sdk/sha256/Debug/sha256.elf
----------------End of Script----------------

02:13:03 INFO  : Memory regions updated for context MicroBlaze #0
02:13:03 INFO  : Memory regions updated for context MicroBlaze Debug Module at USER2
02:13:03 INFO  : Context for processor 'microblaze_0' is selected.
02:13:03 INFO  : 'con' command is executed.
02:13:03 INFO  : ----------------XSDB Script (After Launch)----------------
targets -set -nocase -filter {name =~ "microblaze*#0" && bscan=="USER2"  && jtag_cable_name =~ "Digilent Nexys4 210274504771A"} -index 0
con
----------------End of Script----------------

02:13:03 INFO  : Launch script is exported to file '/home/brancs/MEOCloud/CR/Get-Shaded-256/sha256/sha256.sdk/.sdk/launch_scripts/xilinx_c-c++_application_(system_debugger)/system_debugger_using_debug_sha256.elf_on_local.tcl'
02:15:13 INFO  : Connected to target on host '127.0.0.1' and port '3121'.
02:15:13 INFO  : 'targets -set -filter {jtag_cable_name =~ "Digilent Nexys4 210274504771A" && level==0} -index 0' command is executed.
02:15:18 INFO  : FPGA configured successfully with bitstream "/home/brancs/MEOCloud/CR/Get-Shaded-256/sha256/sha256.sdk/sha256_wrapper_hw_platform_0/download.bit"
02:15:24 INFO  : Disconnected from the channel tcfchan#4.
02:15:25 INFO  : 'targets -set -filter {jtag_cable_name =~ "Digilent Nexys4 210274504771A" && level==0} -index 0' command is executed.
02:15:25 INFO  : 'fpga -state' command is executed.
02:15:25 INFO  : Connected to target on host '127.0.0.1' and port '3121'.
02:15:25 INFO  : Jtag cable 'Digilent Nexys4 210274504771A' is selected.
02:15:25 INFO  : 'jtag frequency' command is executed.
02:15:25 INFO  : Context for processor 'microblaze_0' is selected.
02:15:25 INFO  : Processor reset is completed for 'microblaze_0'.
02:15:25 INFO  : Context for processor 'microblaze_0' is selected.
02:15:25 INFO  : The application '/home/brancs/MEOCloud/CR/Get-Shaded-256/sha256/sha256.sdk/sha256/Debug/sha256.elf' is downloaded to processor 'microblaze_0'.
02:15:25 INFO  : ----------------XSDB Script----------------
connect -url tcp:127.0.0.1:3121
targets -set -nocase -filter {name =~ "microblaze*#0" && bscan=="USER2"  && jtag_cable_name =~ "Digilent Nexys4 210274504771A"} -index 0
rst -processor
targets -set -nocase -filter {name =~ "microblaze*#0" && bscan=="USER2"  && jtag_cable_name =~ "Digilent Nexys4 210274504771A"} -index 0
dow /home/brancs/MEOCloud/CR/Get-Shaded-256/sha256/sha256.sdk/sha256/Debug/sha256.elf
----------------End of Script----------------

02:15:25 INFO  : Memory regions updated for context MicroBlaze #0
02:15:25 INFO  : Memory regions updated for context MicroBlaze Debug Module at USER2
02:15:25 INFO  : Context for processor 'microblaze_0' is selected.
02:15:25 INFO  : 'con' command is executed.
02:15:25 INFO  : ----------------XSDB Script (After Launch)----------------
targets -set -nocase -filter {name =~ "microblaze*#0" && bscan=="USER2"  && jtag_cable_name =~ "Digilent Nexys4 210274504771A"} -index 0
con
----------------End of Script----------------

02:15:25 INFO  : Launch script is exported to file '/home/brancs/MEOCloud/CR/Get-Shaded-256/sha256/sha256.sdk/.sdk/launch_scripts/xilinx_c-c++_application_(system_debugger)/system_debugger_using_debug_sha256.elf_on_local.tcl'
02:19:38 INFO  : Connected to target on host '127.0.0.1' and port '3121'.
02:19:38 INFO  : 'targets -set -filter {jtag_cable_name =~ "Digilent Nexys4 210274504771A" && level==0} -index 0' command is executed.
02:19:43 INFO  : FPGA configured successfully with bitstream "/home/brancs/MEOCloud/CR/Get-Shaded-256/sha256/sha256.sdk/sha256_wrapper_hw_platform_0/download.bit"
02:19:54 INFO  : Disconnected from the channel tcfchan#5.
02:20:23 INFO  : Connected to target on host '127.0.0.1' and port '3121'.
02:20:23 INFO  : 'targets -set -filter {jtag_cable_name =~ "Digilent Nexys4 210274504771A" && level==0} -index 0' command is executed.
02:20:29 INFO  : FPGA configured successfully with bitstream "/home/brancs/MEOCloud/CR/Get-Shaded-256/sha256/sha256.sdk/sha256_wrapper_hw_platform_0/download.bit"
02:25:16 INFO  : 'targets -set -filter {jtag_cable_name =~ "Digilent Nexys4 210274504771A" && level==0} -index 0' command is executed.
02:25:16 INFO  : 'fpga -state' command is executed.
02:25:16 INFO  : Connected to target on host '127.0.0.1' and port '3121'.
02:25:16 INFO  : Jtag cable 'Digilent Nexys4 210274504771A' is selected.
02:25:16 INFO  : 'jtag frequency' command is executed.
02:25:16 INFO  : Context for processor 'microblaze_0' is selected.
02:25:16 INFO  : Processor reset is completed for 'microblaze_0'.
02:25:16 INFO  : Context for processor 'microblaze_0' is selected.
02:25:17 INFO  : The application '/home/brancs/MEOCloud/CR/Get-Shaded-256/sha256/sha256.sdk/sha256/Debug/sha256.elf' is downloaded to processor 'microblaze_0'.
02:25:17 INFO  : ----------------XSDB Script----------------
connect -url tcp:127.0.0.1:3121
targets -set -nocase -filter {name =~ "microblaze*#0" && bscan=="USER2"  && jtag_cable_name =~ "Digilent Nexys4 210274504771A"} -index 0
rst -processor
targets -set -nocase -filter {name =~ "microblaze*#0" && bscan=="USER2"  && jtag_cable_name =~ "Digilent Nexys4 210274504771A"} -index 0
dow /home/brancs/MEOCloud/CR/Get-Shaded-256/sha256/sha256.sdk/sha256/Debug/sha256.elf
----------------End of Script----------------

02:25:17 INFO  : Memory regions updated for context MicroBlaze #0
02:25:17 INFO  : Memory regions updated for context MicroBlaze Debug Module at USER2
02:25:17 INFO  : Context for processor 'microblaze_0' is selected.
02:25:17 INFO  : 'con' command is executed.
02:25:17 INFO  : ----------------XSDB Script (After Launch)----------------
targets -set -nocase -filter {name =~ "microblaze*#0" && bscan=="USER2"  && jtag_cable_name =~ "Digilent Nexys4 210274504771A"} -index 0
con
----------------End of Script----------------

02:25:17 INFO  : Launch script is exported to file '/home/brancs/MEOCloud/CR/Get-Shaded-256/sha256/sha256.sdk/.sdk/launch_scripts/xilinx_c-c++_application_(system_debugger)/system_debugger_using_debug_sha256.elf_on_local.tcl'
02:26:09 INFO  : Disconnected from the channel tcfchan#6.
02:26:09 ERROR : Unexpected error while parsing XMD response ￿: com.google.gson.JsonSyntaxException: com.google.gson.stream.MalformedJsonException: invalid number or unquoted string near 
02:38:01 INFO  : Registering command handlers for SDK TCF services
02:38:02 INFO  : Launching XSCT server: xsct -n -interactive /home/brancs/MEOCloud/CR/Get-Shaded-256/sha256/sha256.sdk/temp_xsdb_launch_script.tcl
02:38:04 INFO  : XSCT server has started successfully.
02:38:04 INFO  : Successfully done setting XSCT server connection channel  
02:38:04 INFO  : Successfully done setting SDK workspace  
02:38:04 INFO  : Processing command line option -hwspec /home/brancs/MEOCloud/CR/Get-Shaded-256/sha256/sha256.sdk/sha256_wrapper.hdf.
02:38:04 INFO  : Checking for hwspec changes in the project sha256_wrapper_hw_platform_0.
02:38:05 INFO  : SDK has detected change in the last modified timestamps for source hardware specification file Source:1527903428000,  Project:1527899839000
02:38:05 INFO  : The hardware specification for project 'sha256_wrapper_hw_platform_0' is different from /home/brancs/MEOCloud/CR/Get-Shaded-256/sha256/sha256.sdk/sha256_wrapper.hdf.
02:38:05 INFO  : Copied contents of /home/brancs/MEOCloud/CR/Get-Shaded-256/sha256/sha256.sdk/sha256_wrapper.hdf into /sha256_wrapper_hw_platform_0/system.hdf.
02:38:06 INFO  : Synchronizing projects in the workspace with the hardware platform specification changes.
02:38:08 INFO  : 
02:38:09 INFO  : Updating hardware inferred compiler options for sha256.
02:38:09 INFO  : Clearing existing target manager status.
02:38:09 WARN  : Given IPC port value is invalid. Using default port 2350
02:38:09 WARN  : Given XMD timeout value is invalid. Using default value of 50000
02:38:12 WARN  : Given XMD transaction timeout value is invalid. Using default value of 60000 milli seconds
02:40:31 ERROR : Unexpected error while parsing XMD response ￿: com.google.gson.JsonSyntaxException: com.google.gson.stream.MalformedJsonException: invalid number or unquoted string near 
02:46:39 INFO  : Registering command handlers for SDK TCF services
02:46:40 INFO  : Launching XSCT server: xsct -n -interactive /home/brancs/MEOCloud/CR/Get-Shaded-256/sha256/sha256.sdk/temp_xsdb_launch_script.tcl
02:46:42 INFO  : XSCT server has started successfully.
02:46:42 INFO  : Successfully done setting XSCT server connection channel  
02:46:42 INFO  : Successfully done setting SDK workspace  
02:46:42 INFO  : Processing command line option -hwspec /home/brancs/MEOCloud/CR/Get-Shaded-256/sha256/sha256.sdk/sha256_wrapper.hdf.
02:46:42 INFO  : Checking for hwspec changes in the project sha256_wrapper_hw_platform_0.
02:46:43 INFO  : SDK has detected change in the last modified timestamps for source hardware specification file Source:1527903933000,  Project:1527903428000
02:46:43 INFO  : The hardware specification for project 'sha256_wrapper_hw_platform_0' is different from /home/brancs/MEOCloud/CR/Get-Shaded-256/sha256/sha256.sdk/sha256_wrapper.hdf.
02:46:43 INFO  : Copied contents of /home/brancs/MEOCloud/CR/Get-Shaded-256/sha256/sha256.sdk/sha256_wrapper.hdf into /sha256_wrapper_hw_platform_0/system.hdf.
02:46:43 INFO  : Synchronizing projects in the workspace with the hardware platform specification changes.
02:46:45 INFO  : 
02:46:45 INFO  : Updating hardware inferred compiler options for sha256.
02:46:45 INFO  : Clearing existing target manager status.
02:46:45 WARN  : Given IPC port value is invalid. Using default port 2350
02:46:45 WARN  : Given XMD timeout value is invalid. Using default value of 50000
02:46:48 WARN  : Given XMD transaction timeout value is invalid. Using default value of 60000 milli seconds
02:48:28 INFO  : Connected to target on host '127.0.0.1' and port '3121'.
02:48:28 INFO  : 'targets -set -filter {jtag_cable_name =~ "Digilent Nexys4 210274504771A" && level==0} -index 0' command is executed.
02:48:31 INFO  : FPGA configured successfully with bitstream "/home/brancs/MEOCloud/CR/Get-Shaded-256/sha256/sha256.sdk/sha256_wrapper_hw_platform_0/download.bit"
02:48:45 INFO  : 'targets -set -filter {jtag_cable_name =~ "Digilent Nexys4 210274504771A" && level==0} -index 0' command is executed.
02:48:45 INFO  : 'fpga -state' command is executed.
02:48:45 INFO  : Connected to target on host '127.0.0.1' and port '3121'.
02:48:46 INFO  : Jtag cable 'Digilent Nexys4 210274504771A' is selected.
02:48:46 INFO  : 'jtag frequency' command is executed.
02:48:46 INFO  : Context for processor 'microblaze_0' is selected.
02:48:46 INFO  : Processor reset is completed for 'microblaze_0'.
02:48:46 INFO  : Context for processor 'microblaze_0' is selected.
02:48:46 INFO  : The application '/home/brancs/MEOCloud/CR/Get-Shaded-256/sha256/sha256.sdk/sha256/Debug/sha256.elf' is downloaded to processor 'microblaze_0'.
02:48:46 INFO  : ----------------XSDB Script----------------
connect -url tcp:127.0.0.1:3121
targets -set -nocase -filter {name =~ "microblaze*#0" && bscan=="USER2"  && jtag_cable_name =~ "Digilent Nexys4 210274504771A"} -index 0
rst -processor
targets -set -nocase -filter {name =~ "microblaze*#0" && bscan=="USER2"  && jtag_cable_name =~ "Digilent Nexys4 210274504771A"} -index 0
dow /home/brancs/MEOCloud/CR/Get-Shaded-256/sha256/sha256.sdk/sha256/Debug/sha256.elf
----------------End of Script----------------

02:48:46 INFO  : Memory regions updated for context MicroBlaze #0
02:48:46 INFO  : Memory regions updated for context MicroBlaze Debug Module at USER2
02:48:46 INFO  : Context for processor 'microblaze_0' is selected.
02:48:46 INFO  : 'con' command is executed.
02:48:46 INFO  : ----------------XSDB Script (After Launch)----------------
targets -set -nocase -filter {name =~ "microblaze*#0" && bscan=="USER2"  && jtag_cable_name =~ "Digilent Nexys4 210274504771A"} -index 0
con
----------------End of Script----------------

02:48:46 INFO  : Launch script is exported to file '/home/brancs/MEOCloud/CR/Get-Shaded-256/sha256/sha256.sdk/.sdk/launch_scripts/xilinx_c-c++_application_(system_debugger)/system_debugger_using_debug_sha256.elf_on_local.tcl'
02:49:39 INFO  : Connected to target on host '127.0.0.1' and port '3121'.
02:49:39 INFO  : 'targets -set -filter {jtag_cable_name =~ "Digilent Nexys4 210274504771A" && level==0} -index 0' command is executed.
02:49:42 INFO  : FPGA configured successfully with bitstream "/home/brancs/MEOCloud/CR/Get-Shaded-256/sha256/sha256.sdk/sha256_wrapper_hw_platform_0/download.bit"
02:49:53 INFO  : Disconnected from the channel tcfchan#1.
02:50:03 INFO  : 'targets -set -filter {jtag_cable_name =~ "Digilent Nexys4 210274504771A" && level==0} -index 0' command is executed.
02:50:03 INFO  : 'fpga -state' command is executed.
02:50:03 INFO  : Connected to target on host '127.0.0.1' and port '3121'.
02:50:03 INFO  : Jtag cable 'Digilent Nexys4 210274504771A' is selected.
02:50:03 INFO  : 'jtag frequency' command is executed.
02:50:03 INFO  : Context for processor 'microblaze_0' is selected.
02:50:03 INFO  : Processor reset is completed for 'microblaze_0'.
02:50:03 INFO  : Context for processor 'microblaze_0' is selected.
02:50:03 INFO  : The application '/home/brancs/MEOCloud/CR/Get-Shaded-256/sha256/sha256.sdk/sha256/Debug/sha256.elf' is downloaded to processor 'microblaze_0'.
02:50:03 INFO  : ----------------XSDB Script----------------
connect -url tcp:127.0.0.1:3121
targets -set -nocase -filter {name =~ "microblaze*#0" && bscan=="USER2"  && jtag_cable_name =~ "Digilent Nexys4 210274504771A"} -index 0
rst -processor
targets -set -nocase -filter {name =~ "microblaze*#0" && bscan=="USER2"  && jtag_cable_name =~ "Digilent Nexys4 210274504771A"} -index 0
dow /home/brancs/MEOCloud/CR/Get-Shaded-256/sha256/sha256.sdk/sha256/Debug/sha256.elf
----------------End of Script----------------

02:50:03 INFO  : Memory regions updated for context MicroBlaze #0
02:50:03 INFO  : Memory regions updated for context MicroBlaze Debug Module at USER2
02:50:03 INFO  : Context for processor 'microblaze_0' is selected.
02:50:04 INFO  : 'con' command is executed.
02:50:04 INFO  : ----------------XSDB Script (After Launch)----------------
targets -set -nocase -filter {name =~ "microblaze*#0" && bscan=="USER2"  && jtag_cable_name =~ "Digilent Nexys4 210274504771A"} -index 0
con
----------------End of Script----------------

02:50:04 INFO  : Launch script is exported to file '/home/brancs/MEOCloud/CR/Get-Shaded-256/sha256/sha256.sdk/.sdk/launch_scripts/xilinx_c-c++_application_(system_debugger)/system_debugger_using_debug_sha256.elf_on_local.tcl'
